<?xml version="1.0" encoding="UTF-8"?>
<coverage generated="1772650530685" clover="3.2.0">
  <project timestamp="1772650530685" name="All files">
    <metrics statements="114" coveredstatements="114" conditionals="56" coveredconditionals="56" methods="24" coveredmethods="24" elements="194" coveredelements="194" complexity="0" loc="114" ncloc="114" packages="2" files="4" classes="4"/>
    <package name="ej1_gestor_referencias_bibliográficas">
      <metrics statements="71" coveredstatements="71" conditionals="21" coveredconditionals="21" methods="16" coveredmethods="16"/>
      <file name="elementos.ts" path="/home/usuario/DSI/prct05-objects-classes-interfaces-alu0101551371/src/ej1_gestor_referencias_bibliográficas/elementos.ts">
        <metrics statements="60" coveredstatements="60" conditionals="0" coveredconditionals="0" methods="12" coveredmethods="12"/>
        <line num="13" count="39" type="stmt"/>
        <line num="14" count="39" type="stmt"/>
        <line num="15" count="39" type="stmt"/>
        <line num="16" count="39" type="stmt"/>
        <line num="17" count="39" type="stmt"/>
        <line num="18" count="39" type="stmt"/>
        <line num="19" count="39" type="stmt"/>
        <line num="23" count="7" type="stmt"/>
        <line num="29" count="15" type="stmt"/>
        <line num="30" count="15" type="stmt"/>
        <line num="31" count="15" type="stmt"/>
        <line num="32" count="15" type="stmt"/>
        <line num="33" count="15" type="stmt"/>
        <line num="34" count="15" type="stmt"/>
        <line num="35" count="15" type="stmt"/>
        <line num="36" count="15" type="stmt"/>
        <line num="37" count="15" type="stmt"/>
        <line num="38" count="15" type="stmt"/>
        <line num="41" count="2" type="stmt"/>
        <line num="47" count="15" type="stmt"/>
        <line num="48" count="15" type="stmt"/>
        <line num="49" count="15" type="stmt"/>
        <line num="50" count="15" type="stmt"/>
        <line num="51" count="15" type="stmt"/>
        <line num="52" count="15" type="stmt"/>
        <line num="53" count="15" type="stmt"/>
        <line num="54" count="15" type="stmt"/>
        <line num="55" count="15" type="stmt"/>
        <line num="56" count="15" type="stmt"/>
        <line num="59" count="2" type="stmt"/>
        <line num="65" count="3" type="stmt"/>
        <line num="66" count="3" type="stmt"/>
        <line num="67" count="3" type="stmt"/>
        <line num="68" count="3" type="stmt"/>
        <line num="69" count="3" type="stmt"/>
        <line num="70" count="3" type="stmt"/>
        <line num="71" count="3" type="stmt"/>
        <line num="72" count="3" type="stmt"/>
        <line num="73" count="3" type="stmt"/>
        <line num="76" count="1" type="stmt"/>
        <line num="82" count="3" type="stmt"/>
        <line num="83" count="3" type="stmt"/>
        <line num="84" count="3" type="stmt"/>
        <line num="85" count="3" type="stmt"/>
        <line num="86" count="3" type="stmt"/>
        <line num="87" count="3" type="stmt"/>
        <line num="88" count="3" type="stmt"/>
        <line num="89" count="3" type="stmt"/>
        <line num="90" count="3" type="stmt"/>
        <line num="93" count="1" type="stmt"/>
        <line num="99" count="3" type="stmt"/>
        <line num="100" count="3" type="stmt"/>
        <line num="101" count="3" type="stmt"/>
        <line num="102" count="3" type="stmt"/>
        <line num="103" count="3" type="stmt"/>
        <line num="104" count="3" type="stmt"/>
        <line num="105" count="3" type="stmt"/>
        <line num="106" count="3" type="stmt"/>
        <line num="107" count="3" type="stmt"/>
        <line num="110" count="1" type="stmt"/>
      </file>
      <file name="inventario.ts" path="/home/usuario/DSI/prct05-objects-classes-interfaces-alu0101551371/src/ej1_gestor_referencias_bibliográficas/inventario.ts">
        <metrics statements="11" coveredstatements="11" conditionals="21" coveredconditionals="21" methods="4" coveredmethods="4"/>
        <line num="4" count="9" type="cond" truecount="1" falsecount="0"/>
        <line num="7" count="9" type="stmt"/>
        <line num="11" count="15" type="stmt"/>
        <line num="12" count="15" type="stmt"/>
        <line num="13" count="30" type="cond" truecount="4" falsecount="0"/>
        <line num="14" count="27" type="cond" truecount="4" falsecount="0"/>
        <line num="15" count="25" type="cond" truecount="4" falsecount="0"/>
        <line num="16" count="19" type="cond" truecount="4" falsecount="0"/>
        <line num="17" count="16" type="cond" truecount="4" falsecount="0"/>
        <line num="18" count="13" type="stmt"/>
        <line num="20" count="15" type="stmt"/>
      </file>
    </package>
    <package name="ej2_conecta4">
      <metrics statements="43" coveredstatements="43" conditionals="35" coveredconditionals="35" methods="8" coveredmethods="8"/>
      <file name="conecta4.ts" path="/home/usuario/DSI/prct05-objects-classes-interfaces-alu0101551371/src/ej2_conecta4/conecta4.ts">
        <metrics statements="36" coveredstatements="36" conditionals="32" coveredconditionals="32" methods="6" coveredmethods="6"/>
        <line num="4" count="11" type="stmt"/>
        <line num="10" count="11" type="stmt"/>
        <line num="11" count="11" type="stmt"/>
        <line num="12" count="11" type="stmt"/>
        <line num="13" count="11" type="stmt"/>
        <line num="17" count="11" type="stmt"/>
        <line num="18" count="11" type="stmt"/>
        <line num="19" count="66" type="stmt"/>
        <line num="24" count="6" type="stmt"/>
        <line num="28" count="9" type="cond" truecount="4" falsecount="0"/>
        <line num="29" count="1" type="stmt"/>
        <line num="30" count="1" type="stmt"/>
        <line num="33" count="8" type="stmt"/>
        <line num="34" count="28" type="cond" truecount="2" falsecount="0"/>
        <line num="35" count="7" type="stmt"/>
        <line num="37" count="7" type="cond" truecount="2" falsecount="0"/>
        <line num="38" count="7" type="stmt"/>
        <line num="42" count="1" type="stmt"/>
        <line num="43" count="1" type="stmt"/>
        <line num="48" count="5" type="stmt"/>
        <line num="49" count="30" type="stmt"/>
        <line num="50" count="117" type="cond" truecount="6" falsecount="0"/>
        <line num="54" count="1" type="stmt"/>
        <line num="60" count="4" type="stmt"/>
        <line num="61" count="22" type="stmt"/>
        <line num="62" count="66" type="cond" truecount="6" falsecount="0"/>
        <line num="66" count="1" type="stmt"/>
        <line num="72" count="3" type="stmt"/>
        <line num="73" count="9" type="stmt"/>
        <line num="74" count="33" type="cond" truecount="6" falsecount="0"/>
        <line num="78" count="1" type="stmt"/>
        <line num="84" count="2" type="stmt"/>
        <line num="85" count="6" type="stmt"/>
        <line num="86" count="21" type="cond" truecount="6" falsecount="0"/>
        <line num="90" count="1" type="stmt"/>
        <line num="95" count="1" type="stmt"/>
      </file>
      <file name="jugador.ts" path="/home/usuario/DSI/prct05-objects-classes-interfaces-alu0101551371/src/ej2_conecta4/jugador.ts">
        <metrics statements="7" coveredstatements="7" conditionals="3" coveredconditionals="3" methods="2" coveredmethods="2"/>
        <line num="9" count="32" type="cond" truecount="1" falsecount="0"/>
        <line num="10" count="32" type="stmt"/>
        <line num="11" count="32" type="stmt"/>
        <line num="15" count="3" type="cond" truecount="2" falsecount="0"/>
        <line num="16" count="2" type="stmt"/>
        <line num="17" count="2" type="stmt"/>
        <line num="19" count="1" type="stmt"/>
      </file>
    </package>
  </project>
</coverage>
