{"/home/usuario/DSI/prct05-objects-classes-interfaces-alu0101551371/src/ej1_gestor_referencias_bibliográficas/elementos.ts": {"path":"/home/usuario/DSI/prct05-objects-classes-interfaces-alu0101551371/src/ej1_gestor_referencias_bibliográficas/elementos.ts","statementMap":{"0":{"start":{"line":13,"column":9},"end":{"line":13,"column":null}},"1":{"start":{"line":14,"column":9},"end":{"line":14,"column":null}},"2":{"start":{"line":15,"column":9},"end":{"line":15,"column":null}},"3":{"start":{"line":16,"column":9},"end":{"line":16,"column":null}},"4":{"start":{"line":17,"column":9},"end":{"line":17,"column":null}},"5":{"start":{"line":18,"column":9},"end":{"line":18,"column":null}},"6":{"start":{"line":19,"column":9},"end":{"line":19,"column":null}},"7":{"start":{"line":23,"column":2},"end":{"line":23,"column":null}},"8":{"start":{"line":38,"column":5},"end":{"line":38,"column":89}},"9":{"start":{"line":29,"column":9},"end":{"line":29,"column":null}},"10":{"start":{"line":30,"column":9},"end":{"line":30,"column":null}},"11":{"start":{"line":31,"column":9},"end":{"line":31,"column":null}},"12":{"start":{"line":32,"column":9},"end":{"line":32,"column":null}},"13":{"start":{"line":33,"column":9},"end":{"line":33,"column":null}},"14":{"start":{"line":34,"column":9},"end":{"line":34,"column":null}},"15":{"start":{"line":35,"column":9},"end":{"line":35,"column":null}},"16":{"start":{"line":36,"column":9},"end":{"line":36,"column":null}},"17":{"start":{"line":37,"column":9},"end":{"line":37,"column":null}},"18":{"start":{"line":41,"column":2},"end":{"line":41,"column":null}},"19":{"start":{"line":56,"column":5},"end":{"line":56,"column":89}},"20":{"start":{"line":47,"column":9},"end":{"line":47,"column":null}},"21":{"start":{"line":48,"column":9},"end":{"line":48,"column":null}},"22":{"start":{"line":49,"column":9},"end":{"line":49,"column":null}},"23":{"start":{"line":50,"column":9},"end":{"line":50,"column":null}},"24":{"start":{"line":51,"column":9},"end":{"line":51,"column":null}},"25":{"start":{"line":52,"column":9},"end":{"line":52,"column":null}},"26":{"start":{"line":53,"column":9},"end":{"line":53,"column":null}},"27":{"start":{"line":54,"column":9},"end":{"line":54,"column":null}},"28":{"start":{"line":55,"column":9},"end":{"line":55,"column":null}},"29":{"start":{"line":59,"column":2},"end":{"line":59,"column":null}},"30":{"start":{"line":73,"column":5},"end":{"line":73,"column":89}},"31":{"start":{"line":65,"column":9},"end":{"line":65,"column":null}},"32":{"start":{"line":66,"column":9},"end":{"line":66,"column":null}},"33":{"start":{"line":67,"column":9},"end":{"line":67,"column":null}},"34":{"start":{"line":68,"column":9},"end":{"line":68,"column":null}},"35":{"start":{"line":69,"column":9},"end":{"line":69,"column":null}},"36":{"start":{"line":70,"column":9},"end":{"line":70,"column":null}},"37":{"start":{"line":71,"column":9},"end":{"line":71,"column":null}},"38":{"start":{"line":72,"column":9},"end":{"line":72,"column":null}},"39":{"start":{"line":76,"column":2},"end":{"line":76,"column":null}},"40":{"start":{"line":90,"column":5},"end":{"line":90,"column":89}},"41":{"start":{"line":82,"column":9},"end":{"line":82,"column":null}},"42":{"start":{"line":83,"column":9},"end":{"line":83,"column":null}},"43":{"start":{"line":84,"column":9},"end":{"line":84,"column":null}},"44":{"start":{"line":85,"column":9},"end":{"line":85,"column":null}},"45":{"start":{"line":86,"column":9},"end":{"line":86,"column":null}},"46":{"start":{"line":87,"column":9},"end":{"line":87,"column":null}},"47":{"start":{"line":88,"column":9},"end":{"line":88,"column":null}},"48":{"start":{"line":89,"column":9},"end":{"line":89,"column":null}},"49":{"start":{"line":93,"column":2},"end":{"line":93,"column":null}},"50":{"start":{"line":107,"column":5},"end":{"line":107,"column":89}},"51":{"start":{"line":99,"column":9},"end":{"line":99,"column":null}},"52":{"start":{"line":100,"column":9},"end":{"line":100,"column":null}},"53":{"start":{"line":101,"column":9},"end":{"line":101,"column":null}},"54":{"start":{"line":102,"column":9},"end":{"line":102,"column":null}},"55":{"start":{"line":103,"column":9},"end":{"line":103,"column":null}},"56":{"start":{"line":104,"column":9},"end":{"line":104,"column":null}},"57":{"start":{"line":105,"column":9},"end":{"line":105,"column":null}},"58":{"start":{"line":106,"column":9},"end":{"line":106,"column":null}},"59":{"start":{"line":110,"column":2},"end":{"line":110,"column":null}}},"fnMap":{"0":{"name":"(anonymous_0)","decl":{"start":{"line":12,"column":1},"end":{"line":12,"column":null}},"loc":{"start":{"line":20,"column":3},"end":{"line":20,"column":null}},"line":20},"1":{"name":"(anonymous_1)","decl":{"start":{"line":22,"column":8},"end":{"line":22,"column":33}},"loc":{"start":{"line":22,"column":33},"end":{"line":24,"column":null}},"line":22},"2":{"name":"(anonymous_2)","decl":{"start":{"line":28,"column":1},"end":{"line":28,"column":null}},"loc":{"start":{"line":38,"column":3},"end":{"line":38,"column":null}},"line":38},"3":{"name":"(anonymous_3)","decl":{"start":{"line":40,"column":8},"end":{"line":40,"column":33}},"loc":{"start":{"line":40,"column":33},"end":{"line":42,"column":null}},"line":40},"4":{"name":"(anonymous_4)","decl":{"start":{"line":46,"column":1},"end":{"line":46,"column":null}},"loc":{"start":{"line":56,"column":3},"end":{"line":56,"column":null}},"line":56},"5":{"name":"(anonymous_5)","decl":{"start":{"line":58,"column":8},"end":{"line":58,"column":33}},"loc":{"start":{"line":58,"column":33},"end":{"line":60,"column":null}},"line":58},"6":{"name":"(anonymous_6)","decl":{"start":{"line":64,"column":1},"end":{"line":64,"column":null}},"loc":{"start":{"line":73,"column":3},"end":{"line":73,"column":null}},"line":73},"7":{"name":"(anonymous_7)","decl":{"start":{"line":75,"column":8},"end":{"line":75,"column":33}},"loc":{"start":{"line":75,"column":33},"end":{"line":77,"column":null}},"line":75},"8":{"name":"(anonymous_8)","decl":{"start":{"line":81,"column":1},"end":{"line":81,"column":null}},"loc":{"start":{"line":90,"column":3},"end":{"line":90,"column":null}},"line":90},"9":{"name":"(anonymous_9)","decl":{"start":{"line":92,"column":8},"end":{"line":92,"column":33}},"loc":{"start":{"line":92,"column":33},"end":{"line":94,"column":null}},"line":92},"10":{"name":"(anonymous_10)","decl":{"start":{"line":98,"column":1},"end":{"line":98,"column":null}},"loc":{"start":{"line":107,"column":3},"end":{"line":107,"column":null}},"line":107},"11":{"name":"(anonymous_11)","decl":{"start":{"line":109,"column":8},"end":{"line":109,"column":33}},"loc":{"start":{"line":109,"column":33},"end":{"line":111,"column":null}},"line":109}},"branchMap":{},"s":{"0":39,"1":39,"2":39,"3":39,"4":39,"5":39,"6":39,"7":7,"8":15,"9":15,"10":15,"11":15,"12":15,"13":15,"14":15,"15":15,"16":15,"17":15,"18":2,"19":15,"20":15,"21":15,"22":15,"23":15,"24":15,"25":15,"26":15,"27":15,"28":15,"29":2,"30":3,"31":3,"32":3,"33":3,"34":3,"35":3,"36":3,"37":3,"38":3,"39":1,"40":3,"41":3,"42":3,"43":3,"44":3,"45":3,"46":3,"47":3,"48":3,"49":1,"50":3,"51":3,"52":3,"53":3,"54":3,"55":3,"56":3,"57":3,"58":3,"59":1},"f":{"0":39,"1":7,"2":15,"3":2,"4":15,"5":2,"6":3,"7":1,"8":3,"9":1,"10":3,"11":1},"b":{},"meta":{"lastBranch":0,"lastFunction":12,"lastStatement":60,"seen":{"f:12:1:12:Infinity":0,"s:13:9:13:Infinity":0,"s:14:9:14:Infinity":1,"s:15:9:15:Infinity":2,"s:16:9:16:Infinity":3,"s:17:9:17:Infinity":4,"s:18:9:18:Infinity":5,"s:19:9:19:Infinity":6,"f:22:8:22:33":1,"s:23:2:23:Infinity":7,"f:28:1:28:Infinity":2,"s:38:5:38:89":8,"s:29:9:29:Infinity":9,"s:30:9:30:Infinity":10,"s:31:9:31:Infinity":11,"s:32:9:32:Infinity":12,"s:33:9:33:Infinity":13,"s:34:9:34:Infinity":14,"s:35:9:35:Infinity":15,"s:36:9:36:Infinity":16,"s:37:9:37:Infinity":17,"f:40:8:40:33":3,"s:41:2:41:Infinity":18,"f:46:1:46:Infinity":4,"s:56:5:56:89":19,"s:47:9:47:Infinity":20,"s:48:9:48:Infinity":21,"s:49:9:49:Infinity":22,"s:50:9:50:Infinity":23,"s:51:9:51:Infinity":24,"s:52:9:52:Infinity":25,"s:53:9:53:Infinity":26,"s:54:9:54:Infinity":27,"s:55:9:55:Infinity":28,"f:58:8:58:33":5,"s:59:2:59:Infinity":29,"f:64:1:64:Infinity":6,"s:73:5:73:89":30,"s:65:9:65:Infinity":31,"s:66:9:66:Infinity":32,"s:67:9:67:Infinity":33,"s:68:9:68:Infinity":34,"s:69:9:69:Infinity":35,"s:70:9:70:Infinity":36,"s:71:9:71:Infinity":37,"s:72:9:72:Infinity":38,"f:75:8:75:33":7,"s:76:2:76:Infinity":39,"f:81:1:81:Infinity":8,"s:90:5:90:89":40,"s:82:9:82:Infinity":41,"s:83:9:83:Infinity":42,"s:84:9:84:Infinity":43,"s:85:9:85:Infinity":44,"s:86:9:86:Infinity":45,"s:87:9:87:Infinity":46,"s:88:9:88:Infinity":47,"s:89:9:89:Infinity":48,"f:92:8:92:33":9,"s:93:2:93:Infinity":49,"f:98:1:98:Infinity":10,"s:107:5:107:89":50,"s:99:9:99:Infinity":51,"s:100:9:100:Infinity":52,"s:101:9:101:Infinity":53,"s:102:9:102:Infinity":54,"s:103:9:103:Infinity":55,"s:104:9:104:Infinity":56,"s:105:9:105:Infinity":57,"s:106:9:106:Infinity":58,"f:109:8:109:33":11,"s:110:2:110:Infinity":59}}}
,"/home/usuario/DSI/prct05-objects-classes-interfaces-alu0101551371/src/ej1_gestor_referencias_bibliográficas/inventario.ts": {"path":"/home/usuario/DSI/prct05-objects-classes-interfaces-alu0101551371/src/ej1_gestor_referencias_bibliográficas/inventario.ts","statementMap":{"0":{"start":{"line":4,"column":21},"end":{"line":4,"column":59}},"1":{"start":{"line":7,"column":4},"end":{"line":7,"column":null}},"2":{"start":{"line":11,"column":50},"end":{"line":11,"column":null}},"3":{"start":{"line":12,"column":4},"end":{"line":19,"column":null}},"4":{"start":{"line":13,"column":6},"end":{"line":13,"column":null}},"5":{"start":{"line":13,"column":62},"end":{"line":13,"column":null}},"6":{"start":{"line":14,"column":6},"end":{"line":14,"column":null}},"7":{"start":{"line":14,"column":80},"end":{"line":14,"column":null}},"8":{"start":{"line":15,"column":6},"end":{"line":15,"column":null}},"9":{"start":{"line":15,"column":68},"end":{"line":15,"column":null}},"10":{"start":{"line":16,"column":6},"end":{"line":16,"column":null}},"11":{"start":{"line":16,"column":101},"end":{"line":16,"column":null}},"12":{"start":{"line":17,"column":6},"end":{"line":17,"column":null}},"13":{"start":{"line":17,"column":70},"end":{"line":17,"column":null}},"14":{"start":{"line":18,"column":6},"end":{"line":18,"column":null}},"15":{"start":{"line":20,"column":4},"end":{"line":20,"column":null}}},"fnMap":{"0":{"name":"(anonymous_0)","decl":{"start":{"line":4,"column":1},"end":{"line":4,"column":21}},"loc":{"start":{"line":4,"column":63},"end":{"line":4,"column":null}},"line":4},"1":{"name":"(anonymous_1)","decl":{"start":{"line":6,"column":8},"end":{"line":6,"column":22}},"loc":{"start":{"line":6,"column":64},"end":{"line":8,"column":null}},"line":6},"2":{"name":"(anonymous_2)","decl":{"start":{"line":10,"column":8},"end":{"line":10,"column":17}},"loc":{"start":{"line":10,"column":146},"end":{"line":21,"column":null}},"line":10},"3":{"name":"(anonymous_3)","decl":{"start":{"line":12,"column":44},"end":{"line":12,"column":56}},"loc":{"start":{"line":12,"column":56},"end":{"line":19,"column":5}},"line":12}},"branchMap":{"0":{"loc":{"start":{"line":4,"column":21},"end":{"line":4,"column":63}},"type":"default-arg","locations":[{"start":{"line":4,"column":59},"end":{"line":4,"column":63}}],"line":4},"1":{"loc":{"start":{"line":13,"column":6},"end":{"line":13,"column":null}},"type":"if","locations":[{"start":{"line":13,"column":6},"end":{"line":13,"column":null}},{"start":{},"end":{}}],"line":13},"2":{"loc":{"start":{"line":13,"column":10},"end":{"line":13,"column":62}},"type":"binary-expr","locations":[{"start":{"line":13,"column":10},"end":{"line":13,"column":27}},{"start":{"line":13,"column":27},"end":{"line":13,"column":62}}],"line":13},"3":{"loc":{"start":{"line":14,"column":6},"end":{"line":14,"column":null}},"type":"if","locations":[{"start":{"line":14,"column":6},"end":{"line":14,"column":null}},{"start":{},"end":{}}],"line":14},"4":{"loc":{"start":{"line":14,"column":10},"end":{"line":14,"column":80}},"type":"binary-expr","locations":[{"start":{"line":14,"column":10},"end":{"line":14,"column":29}},{"start":{"line":14,"column":29},"end":{"line":14,"column":80}}],"line":14},"5":{"loc":{"start":{"line":15,"column":6},"end":{"line":15,"column":null}},"type":"if","locations":[{"start":{"line":15,"column":6},"end":{"line":15,"column":null}},{"start":{},"end":{}}],"line":15},"6":{"loc":{"start":{"line":15,"column":10},"end":{"line":15,"column":68}},"type":"binary-expr","locations":[{"start":{"line":15,"column":10},"end":{"line":15,"column":27}},{"start":{"line":15,"column":27},"end":{"line":15,"column":68}}],"line":15},"7":{"loc":{"start":{"line":16,"column":6},"end":{"line":16,"column":null}},"type":"if","locations":[{"start":{"line":16,"column":6},"end":{"line":16,"column":null}},{"start":{},"end":{}}],"line":16},"8":{"loc":{"start":{"line":16,"column":10},"end":{"line":16,"column":101}},"type":"binary-expr","locations":[{"start":{"line":16,"column":10},"end":{"line":16,"column":32}},{"start":{"line":16,"column":32},"end":{"line":16,"column":101}}],"line":16},"9":{"loc":{"start":{"line":17,"column":6},"end":{"line":17,"column":null}},"type":"if","locations":[{"start":{"line":17,"column":6},"end":{"line":17,"column":null}},{"start":{},"end":{}}],"line":17},"10":{"loc":{"start":{"line":17,"column":10},"end":{"line":17,"column":70}},"type":"binary-expr","locations":[{"start":{"line":17,"column":10},"end":{"line":17,"column":30}},{"start":{"line":17,"column":30},"end":{"line":17,"column":70}}],"line":17}},"s":{"0":9,"1":9,"2":15,"3":15,"4":30,"5":3,"6":27,"7":2,"8":25,"9":6,"10":19,"11":3,"12":16,"13":3,"14":13,"15":15},"f":{"0":9,"1":9,"2":15,"3":30},"b":{"0":[9],"1":[3,27],"2":[30,4],"3":[2,25],"4":[27,10],"5":[6,19],"6":[25,10],"7":[3,16],"8":[19,4],"9":[3,13],"10":[16,4]},"meta":{"lastBranch":11,"lastFunction":4,"lastStatement":16,"seen":{"f:4:1:4:21":0,"b:4:59:4:63":0,"s:4:21:4:59":0,"f:6:8:6:22":1,"s:7:4:7:Infinity":1,"f:10:8:10:17":2,"s:11:50:11:Infinity":2,"s:12:4:19:Infinity":3,"f:12:44:12:56":3,"b:13:6:13:Infinity:undefined:undefined:undefined:undefined":1,"s:13:6:13:Infinity":4,"b:13:10:13:27:13:27:13:62":2,"s:13:62:13:Infinity":5,"b:14:6:14:Infinity:undefined:undefined:undefined:undefined":3,"s:14:6:14:Infinity":6,"b:14:10:14:29:14:29:14:80":4,"s:14:80:14:Infinity":7,"b:15:6:15:Infinity:undefined:undefined:undefined:undefined":5,"s:15:6:15:Infinity":8,"b:15:10:15:27:15:27:15:68":6,"s:15:68:15:Infinity":9,"b:16:6:16:Infinity:undefined:undefined:undefined:undefined":7,"s:16:6:16:Infinity":10,"b:16:10:16:32:16:32:16:101":8,"s:16:101:16:Infinity":11,"b:17:6:17:Infinity:undefined:undefined:undefined:undefined":9,"s:17:6:17:Infinity":12,"b:17:10:17:30:17:30:17:70":10,"s:17:70:17:Infinity":13,"s:18:6:18:Infinity":14,"s:20:4:20:Infinity":15}}}
,"/home/usuario/DSI/prct05-objects-classes-interfaces-alu0101551371/src/ej2_conecta4/conecta4.ts": {"path":"/home/usuario/DSI/prct05-objects-classes-interfaces-alu0101551371/src/ej2_conecta4/conecta4.ts","statementMap":{"0":{"start":{"line":4,"column":31},"end":{"line":4,"column":null}},"1":{"start":{"line":10,"column":4},"end":{"line":10,"column":null}},"2":{"start":{"line":11,"column":4},"end":{"line":11,"column":null}},"3":{"start":{"line":12,"column":4},"end":{"line":12,"column":null}},"4":{"start":{"line":13,"column":4},"end":{"line":13,"column":null}},"5":{"start":{"line":17,"column":4},"end":{"line":17,"column":null}},"6":{"start":{"line":18,"column":4},"end":{"line":20,"column":null}},"7":{"start":{"line":18,"column":25},"end":{"line":18,"column":28}},"8":{"start":{"line":19,"column":6},"end":{"line":19,"column":null}},"9":{"start":{"line":24,"column":4},"end":{"line":24,"column":null}},"10":{"start":{"line":24,"column":40},"end":{"line":24,"column":66}},"11":{"start":{"line":28,"column":4},"end":{"line":31,"column":null}},"12":{"start":{"line":29,"column":6},"end":{"line":29,"column":null}},"13":{"start":{"line":30,"column":6},"end":{"line":30,"column":null}},"14":{"start":{"line":33,"column":4},"end":{"line":40,"column":null}},"15":{"start":{"line":33,"column":25},"end":{"line":33,"column":28}},"16":{"start":{"line":34,"column":6},"end":{"line":39,"column":null}},"17":{"start":{"line":35,"column":8},"end":{"line":35,"column":null}},"18":{"start":{"line":37,"column":8},"end":{"line":37,"column":null}},"19":{"start":{"line":38,"column":8},"end":{"line":38,"column":null}},"20":{"start":{"line":42,"column":4},"end":{"line":42,"column":null}},"21":{"start":{"line":43,"column":4},"end":{"line":43,"column":null}},"22":{"start":{"line":48,"column":4},"end":{"line":57,"column":null}},"23":{"start":{"line":48,"column":25},"end":{"line":48,"column":28}},"24":{"start":{"line":49,"column":6},"end":{"line":56,"column":null}},"25":{"start":{"line":49,"column":27},"end":{"line":49,"column":30}},"26":{"start":{"line":50,"column":8},"end":{"line":55,"column":null}},"27":{"start":{"line":54,"column":10},"end":{"line":54,"column":null}},"28":{"start":{"line":60,"column":4},"end":{"line":69,"column":null}},"29":{"start":{"line":60,"column":25},"end":{"line":60,"column":28}},"30":{"start":{"line":61,"column":6},"end":{"line":68,"column":null}},"31":{"start":{"line":61,"column":27},"end":{"line":61,"column":30}},"32":{"start":{"line":62,"column":8},"end":{"line":67,"column":null}},"33":{"start":{"line":66,"column":10},"end":{"line":66,"column":null}},"34":{"start":{"line":72,"column":4},"end":{"line":81,"column":null}},"35":{"start":{"line":72,"column":25},"end":{"line":72,"column":28}},"36":{"start":{"line":73,"column":6},"end":{"line":80,"column":null}},"37":{"start":{"line":73,"column":27},"end":{"line":73,"column":30}},"38":{"start":{"line":74,"column":8},"end":{"line":79,"column":null}},"39":{"start":{"line":78,"column":10},"end":{"line":78,"column":null}},"40":{"start":{"line":84,"column":4},"end":{"line":93,"column":null}},"41":{"start":{"line":84,"column":25},"end":{"line":84,"column":28}},"42":{"start":{"line":85,"column":6},"end":{"line":92,"column":null}},"43":{"start":{"line":85,"column":27},"end":{"line":85,"column":30}},"44":{"start":{"line":86,"column":8},"end":{"line":91,"column":null}},"45":{"start":{"line":90,"column":10},"end":{"line":90,"column":null}},"46":{"start":{"line":95,"column":4},"end":{"line":95,"column":null}}},"fnMap":{"0":{"name":"(anonymous_0)","decl":{"start":{"line":9,"column":2},"end":{"line":9,"column":16}},"loc":{"start":{"line":9,"column":16},"end":{"line":14,"column":null}},"line":9},"1":{"name":"(anonymous_1)","decl":{"start":{"line":16,"column":8},"end":{"line":16,"column":29}},"loc":{"start":{"line":16,"column":29},"end":{"line":21,"column":null}},"line":16},"2":{"name":"(anonymous_2)","decl":{"start":{"line":23,"column":9},"end":{"line":23,"column":30}},"loc":{"start":{"line":23,"column":30},"end":{"line":25,"column":null}},"line":23},"3":{"name":"(anonymous_3)","decl":{"start":{"line":24,"column":21},"end":{"line":24,"column":22}},"loc":{"start":{"line":24,"column":40},"end":{"line":24,"column":66}},"line":24},"4":{"name":"(anonymous_4)","decl":{"start":{"line":27,"column":9},"end":{"line":27,"column":21}},"loc":{"start":{"line":27,"column":47},"end":{"line":44,"column":null}},"line":27},"5":{"name":"(anonymous_5)","decl":{"start":{"line":46,"column":8},"end":{"line":46,"column":36}},"loc":{"start":{"line":46,"column":36},"end":{"line":96,"column":null}},"line":46}},"branchMap":{"0":{"loc":{"start":{"line":28,"column":4},"end":{"line":31,"column":null}},"type":"if","locations":[{"start":{"line":28,"column":4},"end":{"line":31,"column":null}},{"start":{},"end":{}}],"line":28},"1":{"loc":{"start":{"line":28,"column":7},"end":{"line":28,"column":35}},"type":"binary-expr","locations":[{"start":{"line":28,"column":7},"end":{"line":28,"column":22}},{"start":{"line":28,"column":22},"end":{"line":28,"column":35}}],"line":28},"2":{"loc":{"start":{"line":34,"column":6},"end":{"line":39,"column":null}},"type":"if","locations":[{"start":{"line":34,"column":6},"end":{"line":39,"column":null}},{"start":{},"end":{}}],"line":34},"3":{"loc":{"start":{"line":37,"column":21},"end":{"line":37,"column":null}},"type":"cond-expr","locations":[{"start":{"line":37,"column":51},"end":{"line":37,"column":66}},{"start":{"line":37,"column":66},"end":{"line":37,"column":null}}],"line":37},"4":{"loc":{"start":{"line":50,"column":8},"end":{"line":55,"column":null}},"type":"if","locations":[{"start":{"line":50,"column":8},"end":{"line":55,"column":null}},{"start":{},"end":{}}],"line":50},"5":{"loc":{"start":{"line":50,"column":12},"end":{"line":53,"column":59}},"type":"binary-expr","locations":[{"start":{"line":50,"column":12},"end":{"line":50,"column":null}},{"start":{"line":51,"column":12},"end":{"line":51,"column":null}},{"start":{"line":52,"column":12},"end":{"line":52,"column":null}},{"start":{"line":53,"column":12},"end":{"line":53,"column":59}}],"line":50},"6":{"loc":{"start":{"line":62,"column":8},"end":{"line":67,"column":null}},"type":"if","locations":[{"start":{"line":62,"column":8},"end":{"line":67,"column":null}},{"start":{},"end":{}}],"line":62},"7":{"loc":{"start":{"line":62,"column":12},"end":{"line":65,"column":59}},"type":"binary-expr","locations":[{"start":{"line":62,"column":12},"end":{"line":62,"column":null}},{"start":{"line":63,"column":12},"end":{"line":63,"column":null}},{"start":{"line":64,"column":12},"end":{"line":64,"column":null}},{"start":{"line":65,"column":12},"end":{"line":65,"column":59}}],"line":62},"8":{"loc":{"start":{"line":74,"column":8},"end":{"line":79,"column":null}},"type":"if","locations":[{"start":{"line":74,"column":8},"end":{"line":79,"column":null}},{"start":{},"end":{}}],"line":74},"9":{"loc":{"start":{"line":74,"column":12},"end":{"line":77,"column":63}},"type":"binary-expr","locations":[{"start":{"line":74,"column":12},"end":{"line":74,"column":null}},{"start":{"line":75,"column":12},"end":{"line":75,"column":null}},{"start":{"line":76,"column":12},"end":{"line":76,"column":null}},{"start":{"line":77,"column":12},"end":{"line":77,"column":63}}],"line":74},"10":{"loc":{"start":{"line":86,"column":8},"end":{"line":91,"column":null}},"type":"if","locations":[{"start":{"line":86,"column":8},"end":{"line":91,"column":null}},{"start":{},"end":{}}],"line":86},"11":{"loc":{"start":{"line":86,"column":12},"end":{"line":89,"column":63}},"type":"binary-expr","locations":[{"start":{"line":86,"column":12},"end":{"line":86,"column":null}},{"start":{"line":87,"column":12},"end":{"line":87,"column":null}},{"start":{"line":88,"column":12},"end":{"line":88,"column":null}},{"start":{"line":89,"column":12},"end":{"line":89,"column":63}}],"line":86}},"s":{"0":11,"1":11,"2":11,"3":11,"4":11,"5":11,"6":11,"7":11,"8":66,"9":1,"10":6,"11":9,"12":1,"13":1,"14":8,"15":8,"16":28,"17":7,"18":7,"19":7,"20":1,"21":1,"22":5,"23":5,"24":30,"25":30,"26":117,"27":1,"28":4,"29":4,"30":22,"31":22,"32":66,"33":1,"34":3,"35":3,"36":9,"37":9,"38":33,"39":1,"40":2,"41":2,"42":6,"43":6,"44":21,"45":1,"46":1},"f":{"0":11,"1":11,"2":1,"3":6,"4":9,"5":5},"b":{"0":[1,8],"1":[9,9],"2":[7,21],"3":[4,3],"4":[1,116],"5":[117,17,3,2],"6":[1,65],"7":[66,3,1,1],"8":[1,32],"9":[33,2,1,1],"10":[1,20],"11":[21,7,3,2]},"meta":{"lastBranch":12,"lastFunction":6,"lastStatement":47,"seen":{"s:4:31:4:Infinity":0,"f:9:2:9:16":0,"s:10:4:10:Infinity":1,"s:11:4:11:Infinity":2,"s:12:4:12:Infinity":3,"s:13:4:13:Infinity":4,"f:16:8:16:29":1,"s:17:4:17:Infinity":5,"s:18:4:20:Infinity":6,"s:18:25:18:28":7,"s:19:6:19:Infinity":8,"f:23:9:23:30":2,"s:24:4:24:Infinity":9,"f:24:21:24:22":3,"s:24:40:24:66":10,"f:27:9:27:21":4,"b:28:4:31:Infinity:undefined:undefined:undefined:undefined":0,"s:28:4:31:Infinity":11,"b:28:7:28:22:28:22:28:35":1,"s:29:6:29:Infinity":12,"s:30:6:30:Infinity":13,"s:33:4:40:Infinity":14,"s:33:25:33:28":15,"b:34:6:39:Infinity:undefined:undefined:undefined:undefined":2,"s:34:6:39:Infinity":16,"s:35:8:35:Infinity":17,"s:37:8:37:Infinity":18,"b:37:51:37:66:37:66:37:Infinity":3,"s:38:8:38:Infinity":19,"s:42:4:42:Infinity":20,"s:43:4:43:Infinity":21,"f:46:8:46:36":5,"s:48:4:57:Infinity":22,"s:48:25:48:28":23,"s:49:6:56:Infinity":24,"s:49:27:49:30":25,"b:50:8:55:Infinity:undefined:undefined:undefined:undefined":4,"s:50:8:55:Infinity":26,"b:50:12:50:Infinity:51:12:51:Infinity:52:12:52:Infinity:53:12:53:59":5,"s:54:10:54:Infinity":27,"s:60:4:69:Infinity":28,"s:60:25:60:28":29,"s:61:6:68:Infinity":30,"s:61:27:61:30":31,"b:62:8:67:Infinity:undefined:undefined:undefined:undefined":6,"s:62:8:67:Infinity":32,"b:62:12:62:Infinity:63:12:63:Infinity:64:12:64:Infinity:65:12:65:59":7,"s:66:10:66:Infinity":33,"s:72:4:81:Infinity":34,"s:72:25:72:28":35,"s:73:6:80:Infinity":36,"s:73:27:73:30":37,"b:74:8:79:Infinity:undefined:undefined:undefined:undefined":8,"s:74:8:79:Infinity":38,"b:74:12:74:Infinity:75:12:75:Infinity:76:12:76:Infinity:77:12:77:63":9,"s:78:10:78:Infinity":39,"s:84:4:93:Infinity":40,"s:84:25:84:28":41,"s:85:6:92:Infinity":42,"s:85:27:85:30":43,"b:86:8:91:Infinity:undefined:undefined:undefined:undefined":10,"s:86:8:91:Infinity":44,"b:86:12:86:Infinity:87:12:87:Infinity:88:12:88:Infinity:89:12:89:63":11,"s:90:10:90:Infinity":45,"s:95:4:95:Infinity":46}}}
,"/home/usuario/DSI/prct05-objects-classes-interfaces-alu0101551371/src/ej2_conecta4/jugador.ts": {"path":"/home/usuario/DSI/prct05-objects-classes-interfaces-alu0101551371/src/ej2_conecta4/jugador.ts","statementMap":{"0":{"start":{"line":9,"column":21},"end":{"line":9,"column":40}},"1":{"start":{"line":9,"column":40},"end":{"line":9,"column":62}},"2":{"start":{"line":9,"column":62},"end":{"line":9,"column":82}},"3":{"start":{"line":10,"column":2},"end":{"line":10,"column":null}},"4":{"start":{"line":11,"column":2},"end":{"line":11,"column":null}},"5":{"start":{"line":15,"column":2},"end":{"line":18,"column":null}},"6":{"start":{"line":16,"column":3},"end":{"line":16,"column":null}},"7":{"start":{"line":17,"column":3},"end":{"line":17,"column":null}},"8":{"start":{"line":19,"column":2},"end":{"line":19,"column":null}}},"fnMap":{"0":{"name":"(anonymous_0)","decl":{"start":{"line":9,"column":2},"end":{"line":9,"column":21}},"loc":{"start":{"line":9,"column":86},"end":{"line":12,"column":null}},"line":9},"1":{"name":"(anonymous_1)","decl":{"start":{"line":14,"column":1},"end":{"line":14,"column":13}},"loc":{"start":{"line":14,"column":39},"end":{"line":20,"column":null}},"line":14}},"branchMap":{"0":{"loc":{"start":{"line":9,"column":62},"end":{"line":9,"column":86}},"type":"default-arg","locations":[{"start":{"line":9,"column":82},"end":{"line":9,"column":86}}],"line":9},"1":{"loc":{"start":{"line":15,"column":2},"end":{"line":18,"column":null}},"type":"if","locations":[{"start":{"line":15,"column":2},"end":{"line":18,"column":null}},{"start":{},"end":{}}],"line":15}},"s":{"0":32,"1":32,"2":32,"3":32,"4":32,"5":3,"6":2,"7":2,"8":1},"f":{"0":32,"1":3},"b":{"0":[32],"1":[2,1]},"meta":{"lastBranch":2,"lastFunction":2,"lastStatement":9,"seen":{"f:9:2:9:21":0,"b:9:82:9:86":0,"s:9:21:9:40":0,"s:9:40:9:62":1,"s:9:62:9:82":2,"s:10:2:10:Infinity":3,"s:11:2:11:Infinity":4,"f:14:1:14:13":1,"b:15:2:18:Infinity:undefined:undefined:undefined:undefined":1,"s:15:2:18:Infinity":5,"s:16:3:16:Infinity":6,"s:17:3:17:Infinity":7,"s:19:2:19:Infinity":8}}}
}
